<?xml version="1.0" encoding="UTF-8"?>
<!-- Generated by org.testng.reporters.JUnitReportReporter -->
<testsuite hostname="LAPTOP-IQN173AE" failures="0" tests="1" name="calculateEMI.E2E.CalculateEMIDemo" time="16.211" errors="0" timestamp="2020-08-12T17:42:54 ICT" skipped="0">
  <testcase classname="calculateEMI.E2E.CalculateEMIDemo" name="CalculateEMI" time="16.211"/>
  <system-out/>
</testsuite> <!-- calculateEMI.E2E.CalculateEMIDemo -->
